Creating  0:20
Creating  1:20
Creating  2:23
Creating  3:23
Pool level 10
0(1769)>
Pool level 10
1(3603)>
Pool level 10
2(2028)>
Pool level 10
3(210)>
----------<<
210|
----------<<

<<----------

<<----------

<< 3(210)
Pool level 9
3(341)>
----------<<
341|
----------<<

<<----------

<<----------

<< 3(341)
Pool level 8
3(2)>
----------<<
2|
----------<<

Pool level 7
3(1195)>
<<----------

<<----------

<< 3(2)
----------<<
1195|
----------<<

<<----------

<<----------

<< 3(1195)
Pool level 6
3(379)>
----------<<
2028|
----------<<

Pool level 5
2(856)>
----------<<
2028|379|
----------<<

Pool level 4
3(646)>
----------<<
2028|379|646|
----------<<

Pool level 3
3(540)>
----------<<
2028|379|646|856|
----------<<

Pool level 2
2(21)>
----------<<
2028|379|646|856|21|
----------<<

Pool level 1
2(82)>
<<----------
379|646|856|21|
<<----------

<< 2(2028)
----------<<
379|646|856|21|82|
----------<<

Pool level 0
----------<<
379|646|856|21|82|540|
----------<<

<<----------
646|856|21|82|540|
<<----------

<< 3(379)
<<----------
856|21|82|540|
<<----------

<< 3(646)
<<----------
21|82|540|
<<----------

<< 2(856)
<<----------
82|540|
<<----------

<< 2(21)
<<----------
540|
<<----------

<< 2(82)
<<----------

<<----------

<< 3(540)
----------<<
1769|
----------<<

<<----------

<<----------

<< 0(1769)
----------<<
3603|
----------<<

<<----------

<<----------

<< 1(3603)
0	0(1769)	q=0.000010	tx=1412376596.070049
0	1(3603)	q=0.000009	tx=1412376596.070086
0	2(2028)	q=0.000202	tx=1412376596.069893
1	2(856)	q=0.000211	tx=1412376596.069953
2	2(21)	q=0.000183	tx=1412376596.069972
3	2(82)	q=0.000141	tx=1412376596.069991
0	3(210)	q=0.000021	tx=1412376596.069414
1	3(341)	q=0.000012	tx=1412376596.069524
2	3(2)	q=0.000041	tx=1412376596.069545
3	3(1195)	q=0.000011	tx=1412376596.069808
4	3(379)	q=0.000248	tx=1412376596.069913
5	3(646)	q=0.000229	tx=1412376596.069933
6	3(540)	q=0.000121	tx=1412376596.070009
[0, 1, 2, 3]
[1.0013580322265625e-05, 8.821487426757812e-06, 0.0001842975616455078, 9.751319885253906e-05]
[58886696.634920634, 133735197.45132743, 7859715.212045169, 4975198.407447189]
Creating  0:20
Creating  1:20
Creating  2:23
Creating  3:23
Pool level 10
0(993)>
Pool level 10
1(1845)>
Pool level 10
2(350)>
Pool level 10
3(250)>
----------<<
250|
----------<<

<<----------

<<----------

<< 3(250)
Pool level 9
3(569)>
----------<<
350|
----------<<

Pool level 8
2(47)>
----------<<
350|47|
----------<<

Pool level 7
2(114)>
<<----------
47|
<<----------

<< 2(350)
----------<<
47|114|
----------<<

Pool level 6
2(59)>
----------<<
47|114|59|
----------<<

Pool level 5
2(567)>
----------<<
47|114|59|569|
----------<<

Pool level 4
3(18)>
----------<<
47|114|59|569|18|
----------<<

Pool level 3
3(129)>
<<----------
114|59|569|18|
<<----------

<< 2(47)
<<----------
59|569|18|
<<----------

<< 2(114)
----------<<
59|569|18|129|
----------<<

Pool level 2
3(455)>
<<----------
569|18|129|
<<----------

<< 2(59)
<<----------
18|129|
<<----------

<< 3(569)
----------<<
18|129|567|
----------<<

Pool level 1
2(577)>
----------<<
18|129|567|455|
----------<<

Pool level 0
<<----------
129|567|455|
<<----------

<< 3(18)
<<----------
567|455|
<<----------

<< 3(129)
----------<<
567|455|577|
----------<<

<<----------
455|577|
<<----------

<< 2(567)
<<----------
577|
<<----------

<< 3(455)
<<----------

<<----------

<< 2(577)
----------<<
993|
----------<<

<<----------

<<----------

<< 0(993)
----------<<
1845|
----------<<

<<----------

<<----------

<< 1(1845)
0	0(993)	q=0.000010	tx=1412376596.071015
0	1(1845)	q=0.000010	tx=1412376596.071053
0	2(350)	q=0.000075	tx=1412376596.070662
1	2(47)	q=0.000207	tx=1412376596.070683
2	2(114)	q=0.000170	tx=1412376596.070741
3	2(59)	q=0.000191	tx=1412376596.070761
4	2(567)	q=0.000140	tx=1412376596.070940
5	2(577)	q=0.000060	tx=1412376596.070977
0	3(250)	q=0.000011	tx=1412376596.070491
1	3(569)	q=0.000175	tx=1412376596.070857
2	3(18)	q=0.000234	tx=1412376596.070879
3	3(129)	q=0.000176	tx=1412376596.070921
4	3(455)	q=0.000119	tx=1412376596.070959
[0, 1, 2, 3]
[1.0013580322265625e-05, 1.0013580322265625e-05, 0.00014050801595052084, 0.00014300346374511718]
[34421023.73553719, 65580431.18644068, 3082777.4682675814, 2408123.62989899]
[[1.0013580322265625e-05, 1.0013580322265625e-05], [8.821487426757812e-06, 1.0013580322265625e-05], [0.0001842975616455078, 0.00014050801595052084], [9.751319885253906e-05, 0.00014300346374511718]]
[[58886696.634920634, 34421023.73553719], [133735197.45132743, 65580431.18644068], [7859715.212045169, 3082777.4682675814], [4975198.407447189, 2408123.62989899]]
