Using FIFO Algorithm
0(5911)>
1(2663)>
2(12361)>
3(771)>
4(10433)>
5(8523)>
6(127)>
7(582)>
8(65)>
9(418)>
10(5000)>
----------<<
65|
----------<<

<<----------

<<----------

<<8(65)
8(129)>
----------<<
127|
----------<<

<<----------

<<----------

<<6(127)
6(21)>
----------<<
21|
----------<<

<<----------

<<----------

<<6(21)
6(334)>
----------<<
129|
----------<<

<<----------

<<----------

<<8(129)
8(312)>
----------<<
5000|
----------<<

<<----------

<<----------

<<10(5000)
10(5000)>
----------<<
5000|
----------<<

<<----------

<<----------

<<10(5000)
10(5000)>
----------<<
418|
----------<<

9(479)>
----------<<
418|334|
----------<<

6(259)>
<<----------
334|
<<----------

<<9(418)
----------<<
334|312|
----------<<

8(1685)>
<<----------
312|
<<----------

<<6(334)
<<----------

<<----------

<<8(312)
----------<<
582|
----------<<

<<----------

<<----------

<<7(582)
----------<<
5000|
----------<<

<<----------

<<----------

<<10(5000)
----------<<
259|
----------<<

<<----------

<<----------

<<6(259)
----------<<
771|
----------<<

<<----------

<<----------

<<3(771)
----------<<
479|
----------<<

<<----------

<<----------

<<9(479)
----------<<
1685|
----------<<

<<----------

<<----------

<<8(1685)
----------<<
2663|
----------<<

<<----------

<<----------

<<1(2663)
----------<<
5911|
----------<<

<<----------

<<----------

<<0(5911)
----------<<
8523|
----------<<

<<----------

<<----------

<<5(8523)
----------<<
10433|
----------<<

<<----------

<<----------

<<4(10433)
----------<<
12361|
----------<<

<<----------

<<----------

<<2(12361)
Using FIFO Algorithm
0(11994)>
1(15170)>
2(2942)>
3(2692)>
4(18424)>
5(19847)>
6(121)>
7(110)>
8(288)>
9(143)>
10(5000)>
----------<<
110|
----------<<

<<----------

<<----------

<<7(110)
7(167)>
----------<<
121|
----------<<

<<----------

<<----------

<<6(121)
6(78)>
----------<<
143|
----------<<

<<----------

<<----------

<<9(143)
9(757)>
----------<<
78|
----------<<

<<----------

<<----------

<<6(78)
6(216)>
----------<<
5000|
----------<<

10(5000)>
<<----------

<<----------

<<10(5000)
----------<<
167|
----------<<

7(228)>
----------<<
167|288|
----------<<

8(275)>
<<----------
288|
<<----------

<<7(167)
<<----------

<<----------

<<8(288)
----------<<
5000|
----------<<

<<----------

<<----------

<<10(5000)
10(5000)>
----------<<
216|
----------<<

6(859)>
<<----------

<<----------

<<6(216)
----------<<
228|
----------<<

<<----------

<<----------

<<7(228)
----------<<
275|
----------<<

<<----------

<<----------

<<8(275)
----------<<
5000|
----------<<

<<----------

<<----------

<<10(5000)
----------<<
757|
----------<<

<<----------

<<----------

<<9(757)
----------<<
859|
----------<<

<<----------

<<----------

<<6(859)
----------<<
2692|
----------<<

<<----------

<<----------

<<3(2692)
----------<<
2942|
----------<<

<<----------

<<----------

<<2(2942)
----------<<
11994|
----------<<

<<----------

<<----------

<<0(11994)
----------<<
15170|
----------<<

<<----------

<<----------

<<1(15170)
----------<<
18424|
----------<<

<<----------

<<----------

<<4(18424)
----------<<
19847|
----------<<

<<----------

<<----------

<<5(19847)
